[1.650s] DEBUG:colcon:Command line arguments: ['/usr/bin/colcon', 'build', '--symlink-install']
[1.650s] DEBUG:colcon:Parsed command line arguments: Namespace(log_base=None, log_level=None, verb_name='build', build_base='build', install_base='install', merge_install=False, symlink_install=True, test_result_base=None, continue_on_error=False, executor='parallel', parallel_workers=8, event_handlers=None, ignore_user_meta=False, metas=['./colcon.meta'], base_paths=['.'], packages_ignore=None, packages_ignore_regex=None, paths=None, packages_up_to=None, packages_up_to_regex=None, packages_above=None, packages_above_and_dependencies=None, packages_above_depth=None, packages_select_by_dep=None, packages_skip_by_dep=None, packages_skip_up_to=None, packages_select_build_failed=False, packages_skip_build_finished=False, packages_select_test_failures=False, packages_skip_test_passed=False, packages_select=None, packages_skip=None, packages_select_regex=None, packages_skip_regex=None, packages_start=None, packages_end=None, allow_overriding=[], cmake_args=None, cmake_target=None, cmake_target_skip_unavailable=False, cmake_clean_cache=False, cmake_clean_first=False, cmake_force_configure=False, ament_cmake_args=None, catkin_cmake_args=None, catkin_skip_building_tests=False, verb_parser=<colcon_defaults.argument_parser.defaults.DefaultArgumentsDecorator object at 0x7f5f28a11840>, verb_extension=<colcon_core.verb.build.BuildVerb object at 0x7f5f28a11c00>, main=<bound method BuildVerb.main of <colcon_core.verb.build.BuildVerb object at 0x7f5f28a11c00>>)
[1.762s] Level 1:colcon.colcon_core.package_discovery:discover_packages(colcon_meta) check parameters
[1.762s] Level 1:colcon.colcon_core.package_discovery:discover_packages(recursive) check parameters
[1.762s] Level 1:colcon.colcon_core.package_discovery:discover_packages(ignore) check parameters
[1.762s] Level 1:colcon.colcon_core.package_discovery:discover_packages(path) check parameters
[1.762s] Level 1:colcon.colcon_core.package_discovery:discover_packages(colcon_meta) discover
[1.763s] Level 1:colcon.colcon_core.package_discovery:discover_packages(recursive) discover
[1.763s] INFO:colcon.colcon_core.package_discovery:Crawling recursively for packages in '/home/wqfang/research/CIS/src/mpc_package'
[1.763s] Level 1:colcon.colcon_core.package_identification:_identify(.) by extensions ['ignore', 'ignore_ament_install']
[1.763s] Level 1:colcon.colcon_core.package_identification:_identify(.) by extension 'ignore'
[1.763s] Level 1:colcon.colcon_core.package_identification:_identify(.) by extension 'ignore_ament_install'
[1.764s] Level 1:colcon.colcon_core.package_identification:_identify(.) by extensions ['colcon_pkg']
[1.764s] Level 1:colcon.colcon_core.package_identification:_identify(.) by extension 'colcon_pkg'
[1.764s] Level 1:colcon.colcon_core.package_identification:_identify(.) by extensions ['colcon_meta']
[1.764s] Level 1:colcon.colcon_core.package_identification:_identify(.) by extension 'colcon_meta'
[1.764s] Level 1:colcon.colcon_core.package_identification:_identify(.) by extensions ['ros']
[1.764s] Level 1:colcon.colcon_core.package_identification:_identify(.) by extension 'ros'
[1.785s] DEBUG:colcon.colcon_core.package_identification:Package '.' with type 'ros.ament_cmake' and name 'mpc_package'
[1.785s] Level 1:colcon.colcon_core.package_discovery:discover_packages(recursive) using defaults
[1.785s] Level 1:colcon.colcon_core.package_discovery:discover_packages(ignore) discover
[1.785s] Level 1:colcon.colcon_core.package_discovery:discover_packages(ignore) using defaults
[1.785s] Level 1:colcon.colcon_core.package_discovery:discover_packages(path) discover
[1.785s] Level 1:colcon.colcon_core.package_discovery:discover_packages(path) using defaults
[1.927s] Level 1:colcon.colcon_core.package_discovery:discover_packages(prefix_path) check parameters
[1.927s] Level 1:colcon.colcon_core.package_discovery:discover_packages(prefix_path) discover
[1.969s] DEBUG:colcon.colcon_installed_package_information.package_discovery:Found 1 installed packages in /home/wqfang/research/CIS/install
[1.987s] DEBUG:colcon.colcon_installed_package_information.package_discovery:Found 284 installed packages in /opt/ros/humble
[1.988s] Level 1:colcon.colcon_core.package_discovery:discover_packages(prefix_path) using defaults
[2.138s] Level 5:colcon.colcon_core.verb:set package 'mpc_package' build argument 'cmake_args' from command line to 'None'
[2.138s] Level 5:colcon.colcon_core.verb:set package 'mpc_package' build argument 'cmake_target' from command line to 'None'
[2.138s] Level 5:colcon.colcon_core.verb:set package 'mpc_package' build argument 'cmake_target_skip_unavailable' from command line to 'False'
[2.138s] Level 5:colcon.colcon_core.verb:set package 'mpc_package' build argument 'cmake_clean_cache' from command line to 'False'
[2.138s] Level 5:colcon.colcon_core.verb:set package 'mpc_package' build argument 'cmake_clean_first' from command line to 'False'
[2.138s] Level 5:colcon.colcon_core.verb:set package 'mpc_package' build argument 'cmake_force_configure' from command line to 'False'
[2.138s] Level 5:colcon.colcon_core.verb:set package 'mpc_package' build argument 'ament_cmake_args' from command line to 'None'
[2.138s] Level 5:colcon.colcon_core.verb:set package 'mpc_package' build argument 'catkin_cmake_args' from command line to 'None'
[2.138s] Level 5:colcon.colcon_core.verb:set package 'mpc_package' build argument 'catkin_skip_building_tests' from command line to 'False'
[2.138s] DEBUG:colcon.colcon_core.verb:Building package 'mpc_package' with the following arguments: {'ament_cmake_args': None, 'build_base': '/home/wqfang/research/CIS/src/mpc_package/build/mpc_package', 'catkin_cmake_args': None, 'catkin_skip_building_tests': False, 'cmake_args': None, 'cmake_clean_cache': False, 'cmake_clean_first': False, 'cmake_force_configure': False, 'cmake_target': None, 'cmake_target_skip_unavailable': False, 'install_base': '/home/wqfang/research/CIS/src/mpc_package/install/mpc_package', 'merge_install': False, 'path': '/home/wqfang/research/CIS/src/mpc_package', 'symlink_install': True, 'test_result_base': None}
[2.161s] INFO:colcon.colcon_core.executor:Executing jobs using 'parallel' executor
[2.182s] DEBUG:colcon.colcon_parallel_executor.executor.parallel:run_until_complete
[2.183s] INFO:colcon.colcon_ros.task.ament_cmake.build:Building ROS package in '/home/wqfang/research/CIS/src/mpc_package' with build type 'ament_cmake'
[2.183s] INFO:colcon.colcon_cmake.task.cmake.build:Building CMake package in '/home/wqfang/research/CIS/src/mpc_package'
[2.210s] INFO:colcon.colcon_core.plugin_system:Skipping extension 'colcon_core.shell.bat': Not used on non-Windows systems
[2.210s] INFO:colcon.colcon_core.shell:Skip shell extension 'powershell' for command environment: Not usable outside of PowerShell
[2.210s] DEBUG:colcon.colcon_core.shell:Skip shell extension 'dsv' for command environment
[2.276s] DEBUG:colcon.colcon_core.event_handler.log_command:Invoking command in '/home/wqfang/research/CIS/src/mpc_package/build/mpc_package': CMAKE_PREFIX_PATH=${CMAKE_PREFIX_PATH}:/opt/ros/humble _=/usr/bin/env /usr/bin/cmake --build /home/wqfang/research/CIS/src/mpc_package/build/mpc_package -- -j8 -l8
[29.262s] DEBUG:colcon.colcon_core.event_handler.log_command:Invoked command in '/home/wqfang/research/CIS/src/mpc_package/build/mpc_package' returned '0': CMAKE_PREFIX_PATH=${CMAKE_PREFIX_PATH}:/opt/ros/humble _=/usr/bin/env /usr/bin/cmake --build /home/wqfang/research/CIS/src/mpc_package/build/mpc_package -- -j8 -l8
[29.314s] DEBUG:colcon.colcon_core.event_handler.log_command:Invoking command in '/home/wqfang/research/CIS/src/mpc_package/build/mpc_package': CMAKE_PREFIX_PATH=${CMAKE_PREFIX_PATH}:/opt/ros/humble _=/usr/bin/env /usr/bin/cmake --install /home/wqfang/research/CIS/src/mpc_package/build/mpc_package
[29.342s] Level 1:colcon.colcon_core.environment:create_environment_scripts_only(mpc_package)
[29.343s] DEBUG:colcon.colcon_core.event_handler.log_command:Invoked command in '/home/wqfang/research/CIS/src/mpc_package/build/mpc_package' returned '0': CMAKE_PREFIX_PATH=${CMAKE_PREFIX_PATH}:/opt/ros/humble _=/usr/bin/env /usr/bin/cmake --install /home/wqfang/research/CIS/src/mpc_package/build/mpc_package
[29.364s] Level 1:colcon.colcon_core.environment:checking '/home/wqfang/research/CIS/src/mpc_package/install/mpc_package' for CMake module files
[29.365s] Level 1:colcon.colcon_core.environment:checking '/home/wqfang/research/CIS/src/mpc_package/install/mpc_package' for CMake config files
[29.365s] Level 1:colcon.colcon_core.shell:create_environment_hook('mpc_package', 'cmake_prefix_path')
[29.392s] INFO:colcon.colcon_core.shell:Creating environment hook '/home/wqfang/research/CIS/src/mpc_package/install/mpc_package/share/mpc_package/hook/cmake_prefix_path.ps1'
[29.394s] INFO:colcon.colcon_core.shell:Creating environment descriptor '/home/wqfang/research/CIS/src/mpc_package/install/mpc_package/share/mpc_package/hook/cmake_prefix_path.dsv'
[29.395s] INFO:colcon.colcon_core.shell:Creating environment hook '/home/wqfang/research/CIS/src/mpc_package/install/mpc_package/share/mpc_package/hook/cmake_prefix_path.sh'
[29.397s] Level 1:colcon.colcon_core.environment:checking '/home/wqfang/research/CIS/src/mpc_package/install/mpc_package/lib'
[29.397s] Level 1:colcon.colcon_core.environment:checking '/home/wqfang/research/CIS/src/mpc_package/install/mpc_package/bin'
[29.398s] Level 1:colcon.colcon_core.environment:checking '/home/wqfang/research/CIS/src/mpc_package/install/mpc_package/lib/pkgconfig/mpc_package.pc'
[29.398s] Level 1:colcon.colcon_core.environment:checking '/home/wqfang/research/CIS/src/mpc_package/install/mpc_package/lib/python3.10/site-packages'
[29.398s] Level 1:colcon.colcon_core.environment:checking '/home/wqfang/research/CIS/src/mpc_package/install/mpc_package/bin'
[29.424s] INFO:colcon.colcon_core.shell:Creating package script '/home/wqfang/research/CIS/src/mpc_package/install/mpc_package/share/mpc_package/package.ps1'
[29.425s] INFO:colcon.colcon_core.shell:Creating package descriptor '/home/wqfang/research/CIS/src/mpc_package/install/mpc_package/share/mpc_package/package.dsv'
[29.426s] INFO:colcon.colcon_core.shell:Creating package script '/home/wqfang/research/CIS/src/mpc_package/install/mpc_package/share/mpc_package/package.sh'
[29.427s] INFO:colcon.colcon_core.shell:Creating package script '/home/wqfang/research/CIS/src/mpc_package/install/mpc_package/share/mpc_package/package.bash'
[29.428s] INFO:colcon.colcon_core.shell:Creating package script '/home/wqfang/research/CIS/src/mpc_package/install/mpc_package/share/mpc_package/package.zsh'
[29.429s] Level 1:colcon.colcon_core.environment:create_file_with_runtime_dependencies(/home/wqfang/research/CIS/src/mpc_package/install/mpc_package/share/colcon-core/packages/mpc_package)
[29.484s] Level 1:colcon.colcon_core.environment:create_environment_scripts_only(mpc_package)
[29.508s] Level 1:colcon.colcon_core.environment:checking '/home/wqfang/research/CIS/src/mpc_package/install/mpc_package' for CMake module files
[29.508s] Level 1:colcon.colcon_core.environment:checking '/home/wqfang/research/CIS/src/mpc_package/install/mpc_package' for CMake config files
[29.509s] Level 1:colcon.colcon_core.shell:create_environment_hook('mpc_package', 'cmake_prefix_path')
[29.536s] INFO:colcon.colcon_core.shell:Creating environment hook '/home/wqfang/research/CIS/src/mpc_package/install/mpc_package/share/mpc_package/hook/cmake_prefix_path.ps1'
[29.536s] INFO:colcon.colcon_core.shell:Creating environment descriptor '/home/wqfang/research/CIS/src/mpc_package/install/mpc_package/share/mpc_package/hook/cmake_prefix_path.dsv'
[29.537s] INFO:colcon.colcon_core.shell:Creating environment hook '/home/wqfang/research/CIS/src/mpc_package/install/mpc_package/share/mpc_package/hook/cmake_prefix_path.sh'
[29.538s] Level 1:colcon.colcon_core.environment:checking '/home/wqfang/research/CIS/src/mpc_package/install/mpc_package/lib'
[29.538s] Level 1:colcon.colcon_core.environment:checking '/home/wqfang/research/CIS/src/mpc_package/install/mpc_package/bin'
[29.538s] Level 1:colcon.colcon_core.environment:checking '/home/wqfang/research/CIS/src/mpc_package/install/mpc_package/lib/pkgconfig/mpc_package.pc'
[29.538s] Level 1:colcon.colcon_core.environment:checking '/home/wqfang/research/CIS/src/mpc_package/install/mpc_package/lib/python3.10/site-packages'
[29.539s] Level 1:colcon.colcon_core.environment:checking '/home/wqfang/research/CIS/src/mpc_package/install/mpc_package/bin'
[29.558s] INFO:colcon.colcon_core.shell:Creating package script '/home/wqfang/research/CIS/src/mpc_package/install/mpc_package/share/mpc_package/package.ps1'
[29.559s] INFO:colcon.colcon_core.shell:Creating package descriptor '/home/wqfang/research/CIS/src/mpc_package/install/mpc_package/share/mpc_package/package.dsv'
[29.560s] INFO:colcon.colcon_core.shell:Creating package script '/home/wqfang/research/CIS/src/mpc_package/install/mpc_package/share/mpc_package/package.sh'
[29.560s] INFO:colcon.colcon_core.shell:Creating package script '/home/wqfang/research/CIS/src/mpc_package/install/mpc_package/share/mpc_package/package.bash'
[29.561s] INFO:colcon.colcon_core.shell:Creating package script '/home/wqfang/research/CIS/src/mpc_package/install/mpc_package/share/mpc_package/package.zsh'
[29.561s] Level 1:colcon.colcon_core.environment:create_file_with_runtime_dependencies(/home/wqfang/research/CIS/src/mpc_package/install/mpc_package/share/colcon-core/packages/mpc_package)
[29.562s] DEBUG:colcon.colcon_parallel_executor.executor.parallel:closing loop
[29.563s] DEBUG:colcon.colcon_parallel_executor.executor.parallel:loop closed
[29.563s] DEBUG:colcon.colcon_parallel_executor.executor.parallel:run_until_complete finished with '0'
[29.563s] DEBUG:colcon.colcon_core.event_reactor:joining thread
[29.611s] INFO:colcon.colcon_core.plugin_system:Skipping extension 'colcon_notification.desktop_notification.terminal_notifier': Not used on non-Darwin systems
[29.611s] INFO:colcon.colcon_core.plugin_system:Skipping extension 'colcon_notification.desktop_notification.win32': Not used on non-Windows systems
[29.611s] INFO:colcon.colcon_notification.desktop_notification:Sending desktop notification using 'notify2'
[29.611s] DEBUG:colcon.colcon_notification.desktop_notification.notify2:Failed to initialize notify2: org.freedesktop.DBus.Error.FileNotFound: Failed to connect to socket /run/user/1000/bus: No such file or directory
[29.612s] DEBUG:colcon.colcon_core.event_reactor:joined thread
[29.639s] INFO:colcon.colcon_core.shell:Creating prefix script '/home/wqfang/research/CIS/src/mpc_package/install/local_setup.ps1'
[29.641s] INFO:colcon.colcon_core.shell:Creating prefix util module '/home/wqfang/research/CIS/src/mpc_package/install/_local_setup_util_ps1.py'
[29.643s] INFO:colcon.colcon_core.shell:Creating prefix chain script '/home/wqfang/research/CIS/src/mpc_package/install/setup.ps1'
[29.665s] INFO:colcon.colcon_core.shell:Creating prefix script '/home/wqfang/research/CIS/src/mpc_package/install/local_setup.sh'
[29.666s] INFO:colcon.colcon_core.shell:Creating prefix util module '/home/wqfang/research/CIS/src/mpc_package/install/_local_setup_util_sh.py'
[29.666s] INFO:colcon.colcon_core.shell:Creating prefix chain script '/home/wqfang/research/CIS/src/mpc_package/install/setup.sh'
[29.695s] INFO:colcon.colcon_core.shell:Creating prefix script '/home/wqfang/research/CIS/src/mpc_package/install/local_setup.bash'
[29.696s] INFO:colcon.colcon_core.shell:Creating prefix chain script '/home/wqfang/research/CIS/src/mpc_package/install/setup.bash'
[29.719s] INFO:colcon.colcon_core.shell:Creating prefix script '/home/wqfang/research/CIS/src/mpc_package/install/local_setup.zsh'
[29.720s] INFO:colcon.colcon_core.shell:Creating prefix chain script '/home/wqfang/research/CIS/src/mpc_package/install/setup.zsh'
