[0.089s] Invoking command in '/home/wqfang/research/CIS/src/mpc_package/build/mpc_package': CMAKE_PREFIX_PATH=${CMAKE_PREFIX_PATH}:/opt/ros/humble _=/usr/bin/env /usr/bin/cmake --build /home/wqfang/research/CIS/src/mpc_package/build/mpc_package -- -j8 -l8
[0.144s] [ 33%] Built target mpc
[0.149s] [ 66%] Built target get_score
[0.173s] [100%] Built target mpc_node
[0.190s] Invoked command in '/home/wqfang/research/CIS/src/mpc_package/build/mpc_package' returned '0': CMAKE_PREFIX_PATH=${CMAKE_PREFIX_PATH}:/opt/ros/humble _=/usr/bin/env /usr/bin/cmake --build /home/wqfang/research/CIS/src/mpc_package/build/mpc_package -- -j8 -l8
[0.238s] Invoking command in '/home/wqfang/research/CIS/src/mpc_package/build/mpc_package': CMAKE_PREFIX_PATH=${CMAKE_PREFIX_PATH}:/opt/ros/humble _=/usr/bin/env /usr/bin/cmake --install /home/wqfang/research/CIS/src/mpc_package/build/mpc_package
[0.246s] -- Install configuration: ""
[0.246s] -- Execute custom install script
[0.247s] -- Up-to-date symlink: /home/wqfang/research/CIS/src/mpc_package/install/mpc_package/lib/mpc_package/mpc_node
[0.247s] -- Up-to-date symlink: /home/wqfang/research/CIS/src/mpc_package/install/mpc_package/lib/mpc_package/get_score
[0.247s] -- Up-to-date symlink: /home/wqfang/research/CIS/src/mpc_package/install/mpc_package/share/ament_index/resource_index/package_run_dependencies/mpc_package
[0.247s] -- Up-to-date symlink: /home/wqfang/research/CIS/src/mpc_package/install/mpc_package/share/ament_index/resource_index/parent_prefix_path/mpc_package
[0.247s] -- Up-to-date symlink: /home/wqfang/research/CIS/src/mpc_package/install/mpc_package/share/mpc_package/environment/ament_prefix_path.sh
[0.248s] -- Up-to-date symlink: /home/wqfang/research/CIS/src/mpc_package/install/mpc_package/share/mpc_package/environment/ament_prefix_path.dsv
[0.248s] -- Up-to-date symlink: /home/wqfang/research/CIS/src/mpc_package/install/mpc_package/share/mpc_package/environment/path.sh
[0.248s] -- Up-to-date symlink: /home/wqfang/research/CIS/src/mpc_package/install/mpc_package/share/mpc_package/environment/path.dsv
[0.249s] -- Up-to-date symlink: /home/wqfang/research/CIS/src/mpc_package/install/mpc_package/share/mpc_package/local_setup.bash
[0.249s] -- Up-to-date symlink: /home/wqfang/research/CIS/src/mpc_package/install/mpc_package/share/mpc_package/local_setup.sh
[0.249s] -- Up-to-date symlink: /home/wqfang/research/CIS/src/mpc_package/install/mpc_package/share/mpc_package/local_setup.zsh
[0.249s] -- Up-to-date symlink: /home/wqfang/research/CIS/src/mpc_package/install/mpc_package/share/mpc_package/local_setup.dsv
[0.249s] -- Symlinking: /home/wqfang/research/CIS/src/mpc_package/install/mpc_package/share/mpc_package/package.dsv
[0.259s] -- Up-to-date symlink: /home/wqfang/research/CIS/src/mpc_package/install/mpc_package/share/ament_index/resource_index/packages/mpc_package
[0.260s] -- Up-to-date symlink: /home/wqfang/research/CIS/src/mpc_package/install/mpc_package/share/mpc_package/cmake/mpc_packageConfig.cmake
[0.260s] -- Up-to-date symlink: /home/wqfang/research/CIS/src/mpc_package/install/mpc_package/share/mpc_package/cmake/mpc_packageConfig-version.cmake
[0.260s] -- Up-to-date symlink: /home/wqfang/research/CIS/src/mpc_package/install/mpc_package/share/mpc_package/package.xml
[0.262s] Invoked command in '/home/wqfang/research/CIS/src/mpc_package/build/mpc_package' returned '0': CMAKE_PREFIX_PATH=${CMAKE_PREFIX_PATH}:/opt/ros/humble _=/usr/bin/env /usr/bin/cmake --install /home/wqfang/research/CIS/src/mpc_package/build/mpc_package
