[1.435s] DEBUG:colcon:Command line arguments: ['/usr/bin/colcon', 'build', '--symlink-install']
[1.435s] DEBUG:colcon:Parsed command line arguments: Namespace(log_base=None, log_level=None, verb_name='build', build_base='build', install_base='install', merge_install=False, symlink_install=True, test_result_base=None, continue_on_error=False, executor='parallel', parallel_workers=8, event_handlers=None, ignore_user_meta=False, metas=['./colcon.meta'], base_paths=['.'], packages_ignore=None, packages_ignore_regex=None, paths=None, packages_up_to=None, packages_up_to_regex=None, packages_above=None, packages_above_and_dependencies=None, packages_above_depth=None, packages_select_by_dep=None, packages_skip_by_dep=None, packages_skip_up_to=None, packages_select_build_failed=False, packages_skip_build_finished=False, packages_select_test_failures=False, packages_skip_test_passed=False, packages_select=None, packages_skip=None, packages_select_regex=None, packages_skip_regex=None, packages_start=None, packages_end=None, allow_overriding=[], cmake_args=None, cmake_target=None, cmake_target_skip_unavailable=False, cmake_clean_cache=False, cmake_clean_first=False, cmake_force_configure=False, ament_cmake_args=None, catkin_cmake_args=None, catkin_skip_building_tests=False, verb_parser=<colcon_defaults.argument_parser.defaults.DefaultArgumentsDecorator object at 0x7fd62b0856c0>, verb_extension=<colcon_core.verb.build.BuildVerb object at 0x7fd62b086b60>, main=<bound method BuildVerb.main of <colcon_core.verb.build.BuildVerb object at 0x7fd62b086b60>>)
[1.495s] Level 1:colcon.colcon_core.package_discovery:discover_packages(colcon_meta) check parameters
[1.495s] Level 1:colcon.colcon_core.package_discovery:discover_packages(recursive) check parameters
[1.495s] Level 1:colcon.colcon_core.package_discovery:discover_packages(ignore) check parameters
[1.495s] Level 1:colcon.colcon_core.package_discovery:discover_packages(path) check parameters
[1.495s] Level 1:colcon.colcon_core.package_discovery:discover_packages(colcon_meta) discover
[1.496s] Level 1:colcon.colcon_core.package_discovery:discover_packages(recursive) discover
[1.496s] INFO:colcon.colcon_core.package_discovery:Crawling recursively for packages in '/home/wqfang/research/CIS/src/mpc_package'
[1.496s] Level 1:colcon.colcon_core.package_identification:_identify(.) by extensions ['ignore', 'ignore_ament_install']
[1.496s] Level 1:colcon.colcon_core.package_identification:_identify(.) by extension 'ignore'
[1.496s] Level 1:colcon.colcon_core.package_identification:_identify(.) by extension 'ignore_ament_install'
[1.496s] Level 1:colcon.colcon_core.package_identification:_identify(.) by extensions ['colcon_pkg']
[1.496s] Level 1:colcon.colcon_core.package_identification:_identify(.) by extension 'colcon_pkg'
[1.496s] Level 1:colcon.colcon_core.package_identification:_identify(.) by extensions ['colcon_meta']
[1.496s] Level 1:colcon.colcon_core.package_identification:_identify(.) by extension 'colcon_meta'
[1.496s] Level 1:colcon.colcon_core.package_identification:_identify(.) by extensions ['ros']
[1.496s] Level 1:colcon.colcon_core.package_identification:_identify(.) by extension 'ros'
[1.515s] DEBUG:colcon.colcon_core.package_identification:Package '.' with type 'ros.ament_cmake' and name 'mpc_package'
[1.518s] Level 1:colcon.colcon_core.package_discovery:discover_packages(recursive) using defaults
[1.518s] Level 1:colcon.colcon_core.package_discovery:discover_packages(ignore) discover
[1.518s] Level 1:colcon.colcon_core.package_discovery:discover_packages(ignore) using defaults
[1.518s] Level 1:colcon.colcon_core.package_discovery:discover_packages(path) discover
[1.518s] Level 1:colcon.colcon_core.package_discovery:discover_packages(path) using defaults
[1.660s] Level 1:colcon.colcon_core.package_discovery:discover_packages(prefix_path) check parameters
[1.660s] Level 1:colcon.colcon_core.package_discovery:discover_packages(prefix_path) discover
[1.697s] DEBUG:colcon.colcon_installed_package_information.package_discovery:Found 1 installed packages in /home/wqfang/research/CIS/install
[1.718s] DEBUG:colcon.colcon_installed_package_information.package_discovery:Found 284 installed packages in /opt/ros/humble
[1.719s] Level 1:colcon.colcon_core.package_discovery:discover_packages(prefix_path) using defaults
[1.895s] Level 5:colcon.colcon_core.verb:set package 'mpc_package' build argument 'cmake_args' from command line to 'None'
[1.895s] Level 5:colcon.colcon_core.verb:set package 'mpc_package' build argument 'cmake_target' from command line to 'None'
[1.895s] Level 5:colcon.colcon_core.verb:set package 'mpc_package' build argument 'cmake_target_skip_unavailable' from command line to 'False'
[1.895s] Level 5:colcon.colcon_core.verb:set package 'mpc_package' build argument 'cmake_clean_cache' from command line to 'False'
[1.895s] Level 5:colcon.colcon_core.verb:set package 'mpc_package' build argument 'cmake_clean_first' from command line to 'False'
[1.895s] Level 5:colcon.colcon_core.verb:set package 'mpc_package' build argument 'cmake_force_configure' from command line to 'False'
[1.895s] Level 5:colcon.colcon_core.verb:set package 'mpc_package' build argument 'ament_cmake_args' from command line to 'None'
[1.895s] Level 5:colcon.colcon_core.verb:set package 'mpc_package' build argument 'catkin_cmake_args' from command line to 'None'
[1.895s] Level 5:colcon.colcon_core.verb:set package 'mpc_package' build argument 'catkin_skip_building_tests' from command line to 'False'
[1.895s] DEBUG:colcon.colcon_core.verb:Building package 'mpc_package' with the following arguments: {'ament_cmake_args': None, 'build_base': '/home/wqfang/research/CIS/src/mpc_package/build/mpc_package', 'catkin_cmake_args': None, 'catkin_skip_building_tests': False, 'cmake_args': None, 'cmake_clean_cache': False, 'cmake_clean_first': False, 'cmake_force_configure': False, 'cmake_target': None, 'cmake_target_skip_unavailable': False, 'install_base': '/home/wqfang/research/CIS/src/mpc_package/install/mpc_package', 'merge_install': False, 'path': '/home/wqfang/research/CIS/src/mpc_package', 'symlink_install': True, 'test_result_base': None}
[1.921s] INFO:colcon.colcon_core.executor:Executing jobs using 'parallel' executor
[1.950s] DEBUG:colcon.colcon_parallel_executor.executor.parallel:run_until_complete
[1.951s] INFO:colcon.colcon_ros.task.ament_cmake.build:Building ROS package in '/home/wqfang/research/CIS/src/mpc_package' with build type 'ament_cmake'
[1.951s] INFO:colcon.colcon_cmake.task.cmake.build:Building CMake package in '/home/wqfang/research/CIS/src/mpc_package'
[1.980s] INFO:colcon.colcon_core.plugin_system:Skipping extension 'colcon_core.shell.bat': Not used on non-Windows systems
[1.980s] INFO:colcon.colcon_core.shell:Skip shell extension 'powershell' for command environment: Not usable outside of PowerShell
[1.980s] DEBUG:colcon.colcon_core.shell:Skip shell extension 'dsv' for command environment
[2.055s] DEBUG:colcon.colcon_core.event_handler.log_command:Invoking command in '/home/wqfang/research/CIS/src/mpc_package/build/mpc_package': CMAKE_PREFIX_PATH=${CMAKE_PREFIX_PATH}:/opt/ros/humble _=/usr/bin/env /usr/bin/cmake /home/wqfang/research/CIS/src/mpc_package -DAMENT_CMAKE_SYMLINK_INSTALL=1 -DCMAKE_INSTALL_PREFIX=/home/wqfang/research/CIS/src/mpc_package/install/mpc_package
[20.433s] DEBUG:colcon.colcon_core.event_handler.log_command:Invoked command in '/home/wqfang/research/CIS/src/mpc_package/build/mpc_package' returned '0': CMAKE_PREFIX_PATH=${CMAKE_PREFIX_PATH}:/opt/ros/humble _=/usr/bin/env /usr/bin/cmake /home/wqfang/research/CIS/src/mpc_package -DAMENT_CMAKE_SYMLINK_INSTALL=1 -DCMAKE_INSTALL_PREFIX=/home/wqfang/research/CIS/src/mpc_package/install/mpc_package
[20.436s] DEBUG:colcon.colcon_core.event_handler.log_command:Invoking command in '/home/wqfang/research/CIS/src/mpc_package/build/mpc_package': CMAKE_PREFIX_PATH=${CMAKE_PREFIX_PATH}:/opt/ros/humble _=/usr/bin/env /usr/bin/cmake --build /home/wqfang/research/CIS/src/mpc_package/build/mpc_package -- -j8 -l8
[60.195s] DEBUG:colcon.colcon_core.event_handler.log_command:Invoked command in '/home/wqfang/research/CIS/src/mpc_package/build/mpc_package' returned '0': CMAKE_PREFIX_PATH=${CMAKE_PREFIX_PATH}:/opt/ros/humble _=/usr/bin/env /usr/bin/cmake --build /home/wqfang/research/CIS/src/mpc_package/build/mpc_package -- -j8 -l8
[60.245s] DEBUG:colcon.colcon_core.event_handler.log_command:Invoking command in '/home/wqfang/research/CIS/src/mpc_package/build/mpc_package': CMAKE_PREFIX_PATH=${CMAKE_PREFIX_PATH}:/opt/ros/humble _=/usr/bin/env /usr/bin/cmake --install /home/wqfang/research/CIS/src/mpc_package/build/mpc_package
[60.454s] Level 1:colcon.colcon_core.environment:create_environment_scripts_only(mpc_package)
[60.456s] DEBUG:colcon.colcon_core.event_handler.log_command:Invoked command in '/home/wqfang/research/CIS/src/mpc_package/build/mpc_package' returned '0': CMAKE_PREFIX_PATH=${CMAKE_PREFIX_PATH}:/opt/ros/humble _=/usr/bin/env /usr/bin/cmake --install /home/wqfang/research/CIS/src/mpc_package/build/mpc_package
[60.552s] Level 1:colcon.colcon_core.environment:checking '/home/wqfang/research/CIS/src/mpc_package/install/mpc_package' for CMake module files
[60.553s] Level 1:colcon.colcon_core.environment:checking '/home/wqfang/research/CIS/src/mpc_package/install/mpc_package' for CMake config files
[60.553s] Level 1:colcon.colcon_core.shell:create_environment_hook('mpc_package', 'cmake_prefix_path')
[60.573s] INFO:colcon.colcon_core.shell:Creating environment hook '/home/wqfang/research/CIS/src/mpc_package/install/mpc_package/share/mpc_package/hook/cmake_prefix_path.ps1'
[60.574s] INFO:colcon.colcon_core.shell:Creating environment descriptor '/home/wqfang/research/CIS/src/mpc_package/install/mpc_package/share/mpc_package/hook/cmake_prefix_path.dsv'
[60.575s] INFO:colcon.colcon_core.shell:Creating environment hook '/home/wqfang/research/CIS/src/mpc_package/install/mpc_package/share/mpc_package/hook/cmake_prefix_path.sh'
[60.576s] Level 1:colcon.colcon_core.environment:checking '/home/wqfang/research/CIS/src/mpc_package/install/mpc_package/lib'
[60.577s] Level 1:colcon.colcon_core.environment:checking '/home/wqfang/research/CIS/src/mpc_package/install/mpc_package/bin'
[60.577s] Level 1:colcon.colcon_core.environment:checking '/home/wqfang/research/CIS/src/mpc_package/install/mpc_package/lib/pkgconfig/mpc_package.pc'
[60.577s] Level 1:colcon.colcon_core.environment:checking '/home/wqfang/research/CIS/src/mpc_package/install/mpc_package/lib/python3.10/site-packages'
[60.577s] Level 1:colcon.colcon_core.environment:checking '/home/wqfang/research/CIS/src/mpc_package/install/mpc_package/bin'
[60.598s] INFO:colcon.colcon_core.shell:Creating package script '/home/wqfang/research/CIS/src/mpc_package/install/mpc_package/share/mpc_package/package.ps1'
[60.599s] INFO:colcon.colcon_core.shell:Creating package descriptor '/home/wqfang/research/CIS/src/mpc_package/install/mpc_package/share/mpc_package/package.dsv'
[60.601s] INFO:colcon.colcon_core.shell:Creating package script '/home/wqfang/research/CIS/src/mpc_package/install/mpc_package/share/mpc_package/package.sh'
[60.606s] INFO:colcon.colcon_core.shell:Creating package script '/home/wqfang/research/CIS/src/mpc_package/install/mpc_package/share/mpc_package/package.bash'
[60.607s] INFO:colcon.colcon_core.shell:Creating package script '/home/wqfang/research/CIS/src/mpc_package/install/mpc_package/share/mpc_package/package.zsh'
[60.608s] Level 1:colcon.colcon_core.environment:create_file_with_runtime_dependencies(/home/wqfang/research/CIS/src/mpc_package/install/mpc_package/share/colcon-core/packages/mpc_package)
[60.677s] Level 1:colcon.colcon_core.environment:create_environment_scripts_only(mpc_package)
[60.702s] Level 1:colcon.colcon_core.environment:checking '/home/wqfang/research/CIS/src/mpc_package/install/mpc_package' for CMake module files
[60.703s] Level 1:colcon.colcon_core.environment:checking '/home/wqfang/research/CIS/src/mpc_package/install/mpc_package' for CMake config files
[60.703s] Level 1:colcon.colcon_core.shell:create_environment_hook('mpc_package', 'cmake_prefix_path')
[60.722s] INFO:colcon.colcon_core.shell:Creating environment hook '/home/wqfang/research/CIS/src/mpc_package/install/mpc_package/share/mpc_package/hook/cmake_prefix_path.ps1'
[60.722s] INFO:colcon.colcon_core.shell:Creating environment descriptor '/home/wqfang/research/CIS/src/mpc_package/install/mpc_package/share/mpc_package/hook/cmake_prefix_path.dsv'
[60.723s] INFO:colcon.colcon_core.shell:Creating environment hook '/home/wqfang/research/CIS/src/mpc_package/install/mpc_package/share/mpc_package/hook/cmake_prefix_path.sh'
[60.723s] Level 1:colcon.colcon_core.environment:checking '/home/wqfang/research/CIS/src/mpc_package/install/mpc_package/lib'
[60.728s] Level 1:colcon.colcon_core.environment:checking '/home/wqfang/research/CIS/src/mpc_package/install/mpc_package/bin'
[60.728s] Level 1:colcon.colcon_core.environment:checking '/home/wqfang/research/CIS/src/mpc_package/install/mpc_package/lib/pkgconfig/mpc_package.pc'
[60.728s] Level 1:colcon.colcon_core.environment:checking '/home/wqfang/research/CIS/src/mpc_package/install/mpc_package/lib/python3.10/site-packages'
[60.729s] Level 1:colcon.colcon_core.environment:checking '/home/wqfang/research/CIS/src/mpc_package/install/mpc_package/bin'
[60.764s] INFO:colcon.colcon_core.shell:Creating package script '/home/wqfang/research/CIS/src/mpc_package/install/mpc_package/share/mpc_package/package.ps1'
[60.766s] INFO:colcon.colcon_core.shell:Creating package descriptor '/home/wqfang/research/CIS/src/mpc_package/install/mpc_package/share/mpc_package/package.dsv'
[60.766s] INFO:colcon.colcon_core.shell:Creating package script '/home/wqfang/research/CIS/src/mpc_package/install/mpc_package/share/mpc_package/package.sh'
[60.767s] INFO:colcon.colcon_core.shell:Creating package script '/home/wqfang/research/CIS/src/mpc_package/install/mpc_package/share/mpc_package/package.bash'
[60.768s] INFO:colcon.colcon_core.shell:Creating package script '/home/wqfang/research/CIS/src/mpc_package/install/mpc_package/share/mpc_package/package.zsh'
[60.769s] Level 1:colcon.colcon_core.environment:create_file_with_runtime_dependencies(/home/wqfang/research/CIS/src/mpc_package/install/mpc_package/share/colcon-core/packages/mpc_package)
[60.769s] DEBUG:colcon.colcon_parallel_executor.executor.parallel:closing loop
[60.770s] DEBUG:colcon.colcon_parallel_executor.executor.parallel:loop closed
[60.770s] DEBUG:colcon.colcon_parallel_executor.executor.parallel:run_until_complete finished with '0'
[60.770s] DEBUG:colcon.colcon_core.event_reactor:joining thread
[60.818s] INFO:colcon.colcon_core.plugin_system:Skipping extension 'colcon_notification.desktop_notification.terminal_notifier': Not used on non-Darwin systems
[60.818s] INFO:colcon.colcon_core.plugin_system:Skipping extension 'colcon_notification.desktop_notification.win32': Not used on non-Windows systems
[60.818s] INFO:colcon.colcon_notification.desktop_notification:Sending desktop notification using 'notify2'
[60.818s] DEBUG:colcon.colcon_notification.desktop_notification.notify2:Failed to initialize notify2: org.freedesktop.DBus.Error.FileNotFound: Failed to connect to socket /run/user/1000/bus: No such file or directory
[60.819s] DEBUG:colcon.colcon_core.event_reactor:joined thread
[60.845s] INFO:colcon.colcon_core.shell:Creating prefix script '/home/wqfang/research/CIS/src/mpc_package/install/local_setup.ps1'
[60.847s] INFO:colcon.colcon_core.shell:Creating prefix util module '/home/wqfang/research/CIS/src/mpc_package/install/_local_setup_util_ps1.py'
[60.848s] INFO:colcon.colcon_core.shell:Creating prefix chain script '/home/wqfang/research/CIS/src/mpc_package/install/setup.ps1'
[60.880s] INFO:colcon.colcon_core.shell:Creating prefix script '/home/wqfang/research/CIS/src/mpc_package/install/local_setup.sh'
[60.881s] INFO:colcon.colcon_core.shell:Creating prefix util module '/home/wqfang/research/CIS/src/mpc_package/install/_local_setup_util_sh.py'
[60.882s] INFO:colcon.colcon_core.shell:Creating prefix chain script '/home/wqfang/research/CIS/src/mpc_package/install/setup.sh'
[60.918s] INFO:colcon.colcon_core.shell:Creating prefix script '/home/wqfang/research/CIS/src/mpc_package/install/local_setup.bash'
[60.919s] INFO:colcon.colcon_core.shell:Creating prefix chain script '/home/wqfang/research/CIS/src/mpc_package/install/setup.bash'
[60.947s] INFO:colcon.colcon_core.shell:Creating prefix script '/home/wqfang/research/CIS/src/mpc_package/install/local_setup.zsh'
[60.948s] INFO:colcon.colcon_core.shell:Creating prefix chain script '/home/wqfang/research/CIS/src/mpc_package/install/setup.zsh'
