[0.100s] Invoking command in '/home/wqfang/research/CIS/build/mpc_package': CMAKE_PREFIX_PATH=${CMAKE_PREFIX_PATH}:/opt/ros/humble _=/usr/bin/env /usr/bin/cmake --build /home/wqfang/research/CIS/build/mpc_package -- -j8 -l8
[0.148s] [35m[1mConsolidate compiler generated dependencies of target get_score[0m
[0.160s] [ 33%] Built target mpc
[0.174s] [ 66%] Built target get_score
[0.192s] [100%] Built target mpc_node
[0.204s] Invoked command in '/home/wqfang/research/CIS/build/mpc_package' returned '0': CMAKE_PREFIX_PATH=${CMAKE_PREFIX_PATH}:/opt/ros/humble _=/usr/bin/env /usr/bin/cmake --build /home/wqfang/research/CIS/build/mpc_package -- -j8 -l8
[0.249s] Invoking command in '/home/wqfang/research/CIS/build/mpc_package': CMAKE_PREFIX_PATH=${CMAKE_PREFIX_PATH}:/opt/ros/humble _=/usr/bin/env /usr/bin/cmake --install /home/wqfang/research/CIS/build/mpc_package
[0.257s] -- Install configuration: ""
[0.258s] -- Execute custom install script
[0.259s] -- Up-to-date symlink: /home/wqfang/research/CIS/install/mpc_package/lib/mpc_package/mpc_node
[0.260s] -- Up-to-date symlink: /home/wqfang/research/CIS/install/mpc_package/lib/mpc_package/get_score
[0.260s] -- Up-to-date symlink: /home/wqfang/research/CIS/install/mpc_package/share/ament_index/resource_index/package_run_dependencies/mpc_package
[0.260s] -- Up-to-date symlink: /home/wqfang/research/CIS/install/mpc_package/share/ament_index/resource_index/parent_prefix_path/mpc_package
[0.261s] -- Up-to-date symlink: /home/wqfang/research/CIS/install/mpc_package/share/mpc_package/environment/ament_prefix_path.sh
[0.261s] -- Up-to-date symlink: /home/wqfang/research/CIS/install/mpc_package/share/mpc_package/environment/ament_prefix_path.dsv
[0.261s] -- Up-to-date symlink: /home/wqfang/research/CIS/install/mpc_package/share/mpc_package/environment/path.sh
[0.261s] -- Up-to-date symlink: /home/wqfang/research/CIS/install/mpc_package/share/mpc_package/environment/path.dsv
[0.261s] -- Up-to-date symlink: /home/wqfang/research/CIS/install/mpc_package/share/mpc_package/local_setup.bash
[0.261s] -- Up-to-date symlink: /home/wqfang/research/CIS/install/mpc_package/share/mpc_package/local_setup.sh
[0.262s] -- Up-to-date symlink: /home/wqfang/research/CIS/install/mpc_package/share/mpc_package/local_setup.zsh
[0.262s] -- Up-to-date symlink: /home/wqfang/research/CIS/install/mpc_package/share/mpc_package/local_setup.dsv
[0.262s] -- Symlinking: /home/wqfang/research/CIS/install/mpc_package/share/mpc_package/package.dsv
[0.271s] -- Up-to-date symlink: /home/wqfang/research/CIS/install/mpc_package/share/ament_index/resource_index/packages/mpc_package
[0.271s] -- Up-to-date symlink: /home/wqfang/research/CIS/install/mpc_package/share/mpc_package/cmake/mpc_packageConfig.cmake
[0.271s] -- Up-to-date symlink: /home/wqfang/research/CIS/install/mpc_package/share/mpc_package/cmake/mpc_packageConfig-version.cmake
[0.271s] -- Up-to-date symlink: /home/wqfang/research/CIS/install/mpc_package/share/mpc_package/package.xml
[0.276s] Invoked command in '/home/wqfang/research/CIS/build/mpc_package' returned '0': CMAKE_PREFIX_PATH=${CMAKE_PREFIX_PATH}:/opt/ros/humble _=/usr/bin/env /usr/bin/cmake --install /home/wqfang/research/CIS/build/mpc_package
