[1.510s] DEBUG:colcon:Command line arguments: ['/usr/bin/colcon', 'build', '--symlink-install']
[1.510s] DEBUG:colcon:Parsed command line arguments: Namespace(log_base=None, log_level=None, verb_name='build', build_base='build', install_base='install', merge_install=False, symlink_install=True, test_result_base=None, continue_on_error=False, executor='parallel', parallel_workers=8, event_handlers=None, ignore_user_meta=False, metas=['./colcon.meta'], base_paths=['.'], packages_ignore=None, packages_ignore_regex=None, paths=None, packages_up_to=None, packages_up_to_regex=None, packages_above=None, packages_above_and_dependencies=None, packages_above_depth=None, packages_select_by_dep=None, packages_skip_by_dep=None, packages_skip_up_to=None, packages_select_build_failed=False, packages_skip_build_finished=False, packages_select_test_failures=False, packages_skip_test_passed=False, packages_select=None, packages_skip=None, packages_select_regex=None, packages_skip_regex=None, packages_start=None, packages_end=None, allow_overriding=[], cmake_args=None, cmake_target=None, cmake_target_skip_unavailable=False, cmake_clean_cache=False, cmake_clean_first=False, cmake_force_configure=False, ament_cmake_args=None, catkin_cmake_args=None, catkin_skip_building_tests=False, verb_parser=<colcon_defaults.argument_parser.defaults.DefaultArgumentsDecorator object at 0x7f577e275840>, verb_extension=<colcon_core.verb.build.BuildVerb object at 0x7f577e275c00>, main=<bound method BuildVerb.main of <colcon_core.verb.build.BuildVerb object at 0x7f577e275c00>>)
[1.572s] Level 1:colcon.colcon_core.package_discovery:discover_packages(colcon_meta) check parameters
[1.573s] Level 1:colcon.colcon_core.package_discovery:discover_packages(recursive) check parameters
[1.573s] Level 1:colcon.colcon_core.package_discovery:discover_packages(ignore) check parameters
[1.573s] Level 1:colcon.colcon_core.package_discovery:discover_packages(path) check parameters
[1.573s] Level 1:colcon.colcon_core.package_discovery:discover_packages(colcon_meta) discover
[1.573s] Level 1:colcon.colcon_core.package_discovery:discover_packages(recursive) discover
[1.573s] INFO:colcon.colcon_core.package_discovery:Crawling recursively for packages in '/home/wqfang/research/CIS'
[1.573s] Level 1:colcon.colcon_core.package_identification:_identify(.) by extensions ['ignore', 'ignore_ament_install']
[1.573s] Level 1:colcon.colcon_core.package_identification:_identify(.) by extension 'ignore'
[1.573s] Level 1:colcon.colcon_core.package_identification:_identify(.) by extension 'ignore_ament_install'
[1.573s] Level 1:colcon.colcon_core.package_identification:_identify(.) by extensions ['colcon_pkg']
[1.573s] Level 1:colcon.colcon_core.package_identification:_identify(.) by extension 'colcon_pkg'
[1.573s] Level 1:colcon.colcon_core.package_identification:_identify(.) by extensions ['colcon_meta']
[1.574s] Level 1:colcon.colcon_core.package_identification:_identify(.) by extension 'colcon_meta'
[1.574s] Level 1:colcon.colcon_core.package_identification:_identify(.) by extensions ['ros']
[1.574s] Level 1:colcon.colcon_core.package_identification:_identify(.) by extension 'ros'
[1.586s] Level 1:colcon.colcon_core.package_identification:_identify(.) by extensions ['cmake', 'python']
[1.586s] Level 1:colcon.colcon_core.package_identification:_identify(.) by extension 'cmake'
[1.587s] Level 1:colcon.colcon_core.package_identification:_identify(.) by extension 'python'
[1.587s] Level 1:colcon.colcon_core.package_identification:_identify(.) by extensions ['python_setup_py']
[1.587s] Level 1:colcon.colcon_core.package_identification:_identify(.) by extension 'python_setup_py'
[1.587s] Level 1:colcon.colcon_core.package_identification:_identify(build) by extensions ['ignore', 'ignore_ament_install']
[1.587s] Level 1:colcon.colcon_core.package_identification:_identify(build) by extension 'ignore'
[1.587s] Level 1:colcon.colcon_core.package_identification:_identify(build) ignored
[1.588s] Level 1:colcon.colcon_core.package_identification:_identify(install) by extensions ['ignore', 'ignore_ament_install']
[1.588s] Level 1:colcon.colcon_core.package_identification:_identify(install) by extension 'ignore'
[1.588s] Level 1:colcon.colcon_core.package_identification:_identify(install) ignored
[1.589s] Level 1:colcon.colcon_core.package_identification:_identify(log) by extensions ['ignore', 'ignore_ament_install']
[1.589s] Level 1:colcon.colcon_core.package_identification:_identify(log) by extension 'ignore'
[1.589s] Level 1:colcon.colcon_core.package_identification:_identify(log) ignored
[1.589s] Level 1:colcon.colcon_core.package_identification:_identify(src) by extensions ['ignore', 'ignore_ament_install']
[1.589s] Level 1:colcon.colcon_core.package_identification:_identify(src) by extension 'ignore'
[1.590s] Level 1:colcon.colcon_core.package_identification:_identify(src) by extension 'ignore_ament_install'
[1.590s] Level 1:colcon.colcon_core.package_identification:_identify(src) by extensions ['colcon_pkg']
[1.590s] Level 1:colcon.colcon_core.package_identification:_identify(src) by extension 'colcon_pkg'
[1.590s] Level 1:colcon.colcon_core.package_identification:_identify(src) by extensions ['colcon_meta']
[1.590s] Level 1:colcon.colcon_core.package_identification:_identify(src) by extension 'colcon_meta'
[1.590s] Level 1:colcon.colcon_core.package_identification:_identify(src) by extensions ['ros']
[1.590s] Level 1:colcon.colcon_core.package_identification:_identify(src) by extension 'ros'
[1.590s] Level 1:colcon.colcon_core.package_identification:_identify(src) by extensions ['cmake', 'python']
[1.590s] Level 1:colcon.colcon_core.package_identification:_identify(src) by extension 'cmake'
[1.591s] Level 1:colcon.colcon_core.package_identification:_identify(src) by extension 'python'
[1.591s] Level 1:colcon.colcon_core.package_identification:_identify(src) by extensions ['python_setup_py']
[1.591s] Level 1:colcon.colcon_core.package_identification:_identify(src) by extension 'python_setup_py'
[1.591s] Level 1:colcon.colcon_core.package_identification:_identify(src/mpc_package) by extensions ['ignore', 'ignore_ament_install']
[1.591s] Level 1:colcon.colcon_core.package_identification:_identify(src/mpc_package) by extension 'ignore'
[1.591s] Level 1:colcon.colcon_core.package_identification:_identify(src/mpc_package) by extension 'ignore_ament_install'
[1.591s] Level 1:colcon.colcon_core.package_identification:_identify(src/mpc_package) by extensions ['colcon_pkg']
[1.591s] Level 1:colcon.colcon_core.package_identification:_identify(src/mpc_package) by extension 'colcon_pkg'
[1.591s] Level 1:colcon.colcon_core.package_identification:_identify(src/mpc_package) by extensions ['colcon_meta']
[1.591s] Level 1:colcon.colcon_core.package_identification:_identify(src/mpc_package) by extension 'colcon_meta'
[1.592s] Level 1:colcon.colcon_core.package_identification:_identify(src/mpc_package) by extensions ['ros']
[1.592s] Level 1:colcon.colcon_core.package_identification:_identify(src/mpc_package) by extension 'ros'
[1.597s] DEBUG:colcon.colcon_core.package_identification:Package 'src/mpc_package' with type 'ros.ament_cmake' and name 'mpc_package'
[1.597s] Level 1:colcon.colcon_core.package_discovery:discover_packages(recursive) using defaults
[1.597s] Level 1:colcon.colcon_core.package_discovery:discover_packages(ignore) discover
[1.597s] Level 1:colcon.colcon_core.package_discovery:discover_packages(ignore) using defaults
[1.597s] Level 1:colcon.colcon_core.package_discovery:discover_packages(path) discover
[1.598s] Level 1:colcon.colcon_core.package_discovery:discover_packages(path) using defaults
[1.740s] Level 1:colcon.colcon_core.package_discovery:discover_packages(prefix_path) check parameters
[1.740s] Level 1:colcon.colcon_core.package_discovery:discover_packages(prefix_path) discover
[1.781s] DEBUG:colcon.colcon_installed_package_information.package_discovery:Found 1 installed packages in /home/wqfang/research/CIS/install
[1.801s] DEBUG:colcon.colcon_installed_package_information.package_discovery:Found 284 installed packages in /opt/ros/humble
[1.803s] Level 1:colcon.colcon_core.package_discovery:discover_packages(prefix_path) using defaults
[1.965s] Level 5:colcon.colcon_core.verb:set package 'mpc_package' build argument 'cmake_args' from command line to 'None'
[1.965s] Level 5:colcon.colcon_core.verb:set package 'mpc_package' build argument 'cmake_target' from command line to 'None'
[1.965s] Level 5:colcon.colcon_core.verb:set package 'mpc_package' build argument 'cmake_target_skip_unavailable' from command line to 'False'
[1.965s] Level 5:colcon.colcon_core.verb:set package 'mpc_package' build argument 'cmake_clean_cache' from command line to 'False'
[1.965s] Level 5:colcon.colcon_core.verb:set package 'mpc_package' build argument 'cmake_clean_first' from command line to 'False'
[1.965s] Level 5:colcon.colcon_core.verb:set package 'mpc_package' build argument 'cmake_force_configure' from command line to 'False'
[1.965s] Level 5:colcon.colcon_core.verb:set package 'mpc_package' build argument 'ament_cmake_args' from command line to 'None'
[1.965s] Level 5:colcon.colcon_core.verb:set package 'mpc_package' build argument 'catkin_cmake_args' from command line to 'None'
[1.965s] Level 5:colcon.colcon_core.verb:set package 'mpc_package' build argument 'catkin_skip_building_tests' from command line to 'False'
[1.965s] DEBUG:colcon.colcon_core.verb:Building package 'mpc_package' with the following arguments: {'ament_cmake_args': None, 'build_base': '/home/wqfang/research/CIS/build/mpc_package', 'catkin_cmake_args': None, 'catkin_skip_building_tests': False, 'cmake_args': None, 'cmake_clean_cache': False, 'cmake_clean_first': False, 'cmake_force_configure': False, 'cmake_target': None, 'cmake_target_skip_unavailable': False, 'install_base': '/home/wqfang/research/CIS/install/mpc_package', 'merge_install': False, 'path': '/home/wqfang/research/CIS/src/mpc_package', 'symlink_install': True, 'test_result_base': None}
[1.987s] INFO:colcon.colcon_core.executor:Executing jobs using 'parallel' executor
[2.007s] DEBUG:colcon.colcon_parallel_executor.executor.parallel:run_until_complete
[2.007s] INFO:colcon.colcon_ros.task.ament_cmake.build:Building ROS package in '/home/wqfang/research/CIS/src/mpc_package' with build type 'ament_cmake'
[2.008s] INFO:colcon.colcon_cmake.task.cmake.build:Building CMake package in '/home/wqfang/research/CIS/src/mpc_package'
[2.028s] INFO:colcon.colcon_core.plugin_system:Skipping extension 'colcon_core.shell.bat': Not used on non-Windows systems
[2.029s] INFO:colcon.colcon_core.shell:Skip shell extension 'powershell' for command environment: Not usable outside of PowerShell
[2.029s] DEBUG:colcon.colcon_core.shell:Skip shell extension 'dsv' for command environment
[2.110s] DEBUG:colcon.colcon_core.event_handler.log_command:Invoking command in '/home/wqfang/research/CIS/build/mpc_package': CMAKE_PREFIX_PATH=${CMAKE_PREFIX_PATH}:/opt/ros/humble _=/usr/bin/env /usr/bin/cmake --build /home/wqfang/research/CIS/build/mpc_package -- -j8 -l8
[2.214s] DEBUG:colcon.colcon_core.event_handler.log_command:Invoked command in '/home/wqfang/research/CIS/build/mpc_package' returned '0': CMAKE_PREFIX_PATH=${CMAKE_PREFIX_PATH}:/opt/ros/humble _=/usr/bin/env /usr/bin/cmake --build /home/wqfang/research/CIS/build/mpc_package -- -j8 -l8
[2.259s] DEBUG:colcon.colcon_core.event_handler.log_command:Invoking command in '/home/wqfang/research/CIS/build/mpc_package': CMAKE_PREFIX_PATH=${CMAKE_PREFIX_PATH}:/opt/ros/humble _=/usr/bin/env /usr/bin/cmake --install /home/wqfang/research/CIS/build/mpc_package
[2.283s] Level 1:colcon.colcon_core.environment:create_environment_scripts_only(mpc_package)
[2.286s] DEBUG:colcon.colcon_core.event_handler.log_command:Invoked command in '/home/wqfang/research/CIS/build/mpc_package' returned '0': CMAKE_PREFIX_PATH=${CMAKE_PREFIX_PATH}:/opt/ros/humble _=/usr/bin/env /usr/bin/cmake --install /home/wqfang/research/CIS/build/mpc_package
[2.304s] Level 1:colcon.colcon_core.environment:checking '/home/wqfang/research/CIS/install/mpc_package' for CMake module files
[2.305s] Level 1:colcon.colcon_core.environment:checking '/home/wqfang/research/CIS/install/mpc_package' for CMake config files
[2.306s] Level 1:colcon.colcon_core.shell:create_environment_hook('mpc_package', 'cmake_prefix_path')
[2.325s] INFO:colcon.colcon_core.shell:Creating environment hook '/home/wqfang/research/CIS/install/mpc_package/share/mpc_package/hook/cmake_prefix_path.ps1'
[2.326s] INFO:colcon.colcon_core.shell:Creating environment descriptor '/home/wqfang/research/CIS/install/mpc_package/share/mpc_package/hook/cmake_prefix_path.dsv'
[2.326s] INFO:colcon.colcon_core.shell:Creating environment hook '/home/wqfang/research/CIS/install/mpc_package/share/mpc_package/hook/cmake_prefix_path.sh'
[2.327s] Level 1:colcon.colcon_core.environment:checking '/home/wqfang/research/CIS/install/mpc_package/lib'
[2.327s] Level 1:colcon.colcon_core.environment:checking '/home/wqfang/research/CIS/install/mpc_package/bin'
[2.327s] Level 1:colcon.colcon_core.environment:checking '/home/wqfang/research/CIS/install/mpc_package/lib/pkgconfig/mpc_package.pc'
[2.328s] Level 1:colcon.colcon_core.environment:checking '/home/wqfang/research/CIS/install/mpc_package/lib/python3.10/site-packages'
[2.328s] Level 1:colcon.colcon_core.environment:checking '/home/wqfang/research/CIS/install/mpc_package/bin'
[2.344s] INFO:colcon.colcon_core.shell:Creating package script '/home/wqfang/research/CIS/install/mpc_package/share/mpc_package/package.ps1'
[2.345s] INFO:colcon.colcon_core.shell:Creating package descriptor '/home/wqfang/research/CIS/install/mpc_package/share/mpc_package/package.dsv'
[2.345s] INFO:colcon.colcon_core.shell:Creating package script '/home/wqfang/research/CIS/install/mpc_package/share/mpc_package/package.sh'
[2.346s] INFO:colcon.colcon_core.shell:Creating package script '/home/wqfang/research/CIS/install/mpc_package/share/mpc_package/package.bash'
[2.347s] INFO:colcon.colcon_core.shell:Creating package script '/home/wqfang/research/CIS/install/mpc_package/share/mpc_package/package.zsh'
[2.347s] Level 1:colcon.colcon_core.environment:create_file_with_runtime_dependencies(/home/wqfang/research/CIS/install/mpc_package/share/colcon-core/packages/mpc_package)
[2.406s] Level 1:colcon.colcon_core.environment:create_environment_scripts_only(mpc_package)
[2.436s] Level 1:colcon.colcon_core.environment:checking '/home/wqfang/research/CIS/install/mpc_package' for CMake module files
[2.437s] Level 1:colcon.colcon_core.environment:checking '/home/wqfang/research/CIS/install/mpc_package' for CMake config files
[2.437s] Level 1:colcon.colcon_core.shell:create_environment_hook('mpc_package', 'cmake_prefix_path')
[2.462s] INFO:colcon.colcon_core.shell:Creating environment hook '/home/wqfang/research/CIS/install/mpc_package/share/mpc_package/hook/cmake_prefix_path.ps1'
[2.463s] INFO:colcon.colcon_core.shell:Creating environment descriptor '/home/wqfang/research/CIS/install/mpc_package/share/mpc_package/hook/cmake_prefix_path.dsv'
[2.464s] INFO:colcon.colcon_core.shell:Creating environment hook '/home/wqfang/research/CIS/install/mpc_package/share/mpc_package/hook/cmake_prefix_path.sh'
[2.464s] Level 1:colcon.colcon_core.environment:checking '/home/wqfang/research/CIS/install/mpc_package/lib'
[2.464s] Level 1:colcon.colcon_core.environment:checking '/home/wqfang/research/CIS/install/mpc_package/bin'
[2.465s] Level 1:colcon.colcon_core.environment:checking '/home/wqfang/research/CIS/install/mpc_package/lib/pkgconfig/mpc_package.pc'
[2.465s] Level 1:colcon.colcon_core.environment:checking '/home/wqfang/research/CIS/install/mpc_package/lib/python3.10/site-packages'
[2.465s] Level 1:colcon.colcon_core.environment:checking '/home/wqfang/research/CIS/install/mpc_package/bin'
[2.488s] INFO:colcon.colcon_core.shell:Creating package script '/home/wqfang/research/CIS/install/mpc_package/share/mpc_package/package.ps1'
[2.489s] INFO:colcon.colcon_core.shell:Creating package descriptor '/home/wqfang/research/CIS/install/mpc_package/share/mpc_package/package.dsv'
[2.490s] INFO:colcon.colcon_core.shell:Creating package script '/home/wqfang/research/CIS/install/mpc_package/share/mpc_package/package.sh'
[2.490s] INFO:colcon.colcon_core.shell:Creating package script '/home/wqfang/research/CIS/install/mpc_package/share/mpc_package/package.bash'
[2.491s] INFO:colcon.colcon_core.shell:Creating package script '/home/wqfang/research/CIS/install/mpc_package/share/mpc_package/package.zsh'
[2.491s] Level 1:colcon.colcon_core.environment:create_file_with_runtime_dependencies(/home/wqfang/research/CIS/install/mpc_package/share/colcon-core/packages/mpc_package)
[2.492s] DEBUG:colcon.colcon_parallel_executor.executor.parallel:closing loop
[2.493s] DEBUG:colcon.colcon_parallel_executor.executor.parallel:loop closed
[2.493s] DEBUG:colcon.colcon_parallel_executor.executor.parallel:run_until_complete finished with '0'
[2.493s] DEBUG:colcon.colcon_core.event_reactor:joining thread
[2.524s] INFO:colcon.colcon_core.plugin_system:Skipping extension 'colcon_notification.desktop_notification.terminal_notifier': Not used on non-Darwin systems
[2.524s] INFO:colcon.colcon_core.plugin_system:Skipping extension 'colcon_notification.desktop_notification.win32': Not used on non-Windows systems
[2.524s] INFO:colcon.colcon_notification.desktop_notification:Sending desktop notification using 'notify2'
[2.524s] DEBUG:colcon.colcon_notification.desktop_notification.notify2:Failed to initialize notify2: org.freedesktop.DBus.Error.FileNotFound: Failed to connect to socket /run/user/1000/bus: No such file or directory
[2.524s] DEBUG:colcon.colcon_core.event_reactor:joined thread
[2.546s] INFO:colcon.colcon_core.shell:Creating prefix script '/home/wqfang/research/CIS/install/local_setup.ps1'
[2.547s] INFO:colcon.colcon_core.shell:Creating prefix util module '/home/wqfang/research/CIS/install/_local_setup_util_ps1.py'
[2.548s] INFO:colcon.colcon_core.shell:Creating prefix chain script '/home/wqfang/research/CIS/install/setup.ps1'
[2.569s] INFO:colcon.colcon_core.shell:Creating prefix script '/home/wqfang/research/CIS/install/local_setup.sh'
[2.570s] INFO:colcon.colcon_core.shell:Creating prefix util module '/home/wqfang/research/CIS/install/_local_setup_util_sh.py'
[2.571s] INFO:colcon.colcon_core.shell:Creating prefix chain script '/home/wqfang/research/CIS/install/setup.sh'
[2.595s] INFO:colcon.colcon_core.shell:Creating prefix script '/home/wqfang/research/CIS/install/local_setup.bash'
[2.596s] INFO:colcon.colcon_core.shell:Creating prefix chain script '/home/wqfang/research/CIS/install/setup.bash'
[2.621s] INFO:colcon.colcon_core.shell:Creating prefix script '/home/wqfang/research/CIS/install/local_setup.zsh'
[2.622s] INFO:colcon.colcon_core.shell:Creating prefix chain script '/home/wqfang/research/CIS/install/setup.zsh'
