[0.104s] Invoking command in '/home/wqfang/research/CIS/src/mpc_package/build/mpc_package': CMAKE_PREFIX_PATH=${CMAKE_PREFIX_PATH}:/opt/ros/humble _=/usr/bin/env /usr/bin/cmake --build /home/wqfang/research/CIS/src/mpc_package/build/mpc_package -- -j8 -l8
[0.168s] [ 33%] Built target mpc
[0.173s] [ 66%] Built target get_score
[0.186s] [35m[1mConsolidate compiler generated dependencies of target mpc_node[0m
[0.217s] [100%] Built target mpc_node
[0.228s] Invoked command in '/home/wqfang/research/CIS/src/mpc_package/build/mpc_package' returned '0': CMAKE_PREFIX_PATH=${CMAKE_PREFIX_PATH}:/opt/ros/humble _=/usr/bin/env /usr/bin/cmake --build /home/wqfang/research/CIS/src/mpc_package/build/mpc_package -- -j8 -l8
[0.280s] Invoking command in '/home/wqfang/research/CIS/src/mpc_package/build/mpc_package': CMAKE_PREFIX_PATH=${CMAKE_PREFIX_PATH}:/opt/ros/humble _=/usr/bin/env /usr/bin/cmake --install /home/wqfang/research/CIS/src/mpc_package/build/mpc_package
[0.291s] -- Install configuration: ""
[0.291s] -- Execute custom install script
[0.291s] -- Up-to-date symlink: /home/wqfang/research/CIS/src/mpc_package/install/mpc_package/lib/mpc_package/mpc_node
[0.292s] -- Up-to-date symlink: /home/wqfang/research/CIS/src/mpc_package/install/mpc_package/lib/mpc_package/get_score
[0.292s] -- Up-to-date symlink: /home/wqfang/research/CIS/src/mpc_package/install/mpc_package/share/ament_index/resource_index/package_run_dependencies/mpc_package
[0.292s] -- Up-to-date symlink: /home/wqfang/research/CIS/src/mpc_package/install/mpc_package/share/ament_index/resource_index/parent_prefix_path/mpc_package
[0.292s] -- Up-to-date symlink: /home/wqfang/research/CIS/src/mpc_package/install/mpc_package/share/mpc_package/environment/ament_prefix_path.sh
[0.293s] -- Up-to-date symlink: /home/wqfang/research/CIS/src/mpc_package/install/mpc_package/share/mpc_package/environment/ament_prefix_path.dsv
[0.293s] -- Up-to-date symlink: /home/wqfang/research/CIS/src/mpc_package/install/mpc_package/share/mpc_package/environment/path.sh
[0.293s] -- Up-to-date symlink: /home/wqfang/research/CIS/src/mpc_package/install/mpc_package/share/mpc_package/environment/path.dsv
[0.293s] -- Up-to-date symlink: /home/wqfang/research/CIS/src/mpc_package/install/mpc_package/share/mpc_package/local_setup.bash
[0.293s] -- Up-to-date symlink: /home/wqfang/research/CIS/src/mpc_package/install/mpc_package/share/mpc_package/local_setup.sh
[0.294s] -- Up-to-date symlink: /home/wqfang/research/CIS/src/mpc_package/install/mpc_package/share/mpc_package/local_setup.zsh
[0.294s] -- Up-to-date symlink: /home/wqfang/research/CIS/src/mpc_package/install/mpc_package/share/mpc_package/local_setup.dsv
[0.294s] -- Symlinking: /home/wqfang/research/CIS/src/mpc_package/install/mpc_package/share/mpc_package/package.dsv
[0.311s] -- Up-to-date symlink: /home/wqfang/research/CIS/src/mpc_package/install/mpc_package/share/ament_index/resource_index/packages/mpc_package
[0.311s] -- Up-to-date symlink: /home/wqfang/research/CIS/src/mpc_package/install/mpc_package/share/mpc_package/cmake/mpc_packageConfig.cmake
[0.311s] -- Up-to-date symlink: /home/wqfang/research/CIS/src/mpc_package/install/mpc_package/share/mpc_package/cmake/mpc_packageConfig-version.cmake
[0.311s] -- Up-to-date symlink: /home/wqfang/research/CIS/src/mpc_package/install/mpc_package/share/mpc_package/package.xml
[0.315s] Invoked command in '/home/wqfang/research/CIS/src/mpc_package/build/mpc_package' returned '0': CMAKE_PREFIX_PATH=${CMAKE_PREFIX_PATH}:/opt/ros/humble _=/usr/bin/env /usr/bin/cmake --install /home/wqfang/research/CIS/src/mpc_package/build/mpc_package
